# JRE version: OpenJDK Runtime Environment (11.0.13) (build 11.0.13+0-b1751.21-8125866)
# Java VM: OpenJDK 64-Bit Server VM (11.0.13+0-b1751.21-8125866, mixed mode, tiered, compressed oops, g1 gc, windows-amd64)
Heap:
 garbage-first heap   total 242688K, used 129676K [0x0000000080000000, 0x0000000100000000)
  region size 1024K, 15 young (15360K), 5 survivors (5120K)
 Metaspace       used 82727K, capacity 84920K, committed 85168K, reserved 1122304K
  class space    used 10707K, capacity 11478K, committed 11520K, reserved 1048576K
GC Heap History (20 events):
Event: 11.191 GC heap before
{Heap before GC invocations=47 (full 0):
 garbage-first heap   total 167936K, used 123658K [0x0000000080000000, 0x0000000100000000)
  region size 1024K, 26 young (26624K), 3 survivors (3072K)
 Metaspace       used 60157K, capacity 62038K, committed 62384K, reserved 1103872K
  class space    used 7664K, capacity 8299K, committed 8448K, reserved 1048576K
}
Event: 11.194 GC heap after
{Heap after GC invocations=48 (full 0):
 garbage-first heap   total 167936K, used 102412K [0x0000000080000000, 0x0000000100000000)
  region size 1024K, 4 young (4096K), 4 survivors (4096K)
 Metaspace       used 60157K, capacity 62038K, committed 62384K, reserved 1103872K
  class space    used 7664K, capacity 8299K, committed 8448K, reserved 1048576K
}
Event: 11.662 GC heap before
{Heap before GC invocations=48 (full 0):
 garbage-first heap   total 167936K, used 126988K [0x0000000080000000, 0x0000000100000000)
  region size 1024K, 28 young (28672K), 4 survivors (4096K)
 Metaspace       used 63478K, capacity 65349K, committed 65584K, reserved 1105920K
  class space    used 8073K, capacity 8741K, committed 8832K, reserved 1048576K
}
Event: 11.666 GC heap after
{Heap after GC invocations=49 (full 0):
 garbage-first heap   total 167936K, used 103709K [0x0000000080000000, 0x0000000100000000)
  region size 1024K, 3 young (3072K), 3 survivors (3072K)
 Metaspace       used 63478K, capacity 65349K, committed 65584K, reserved 1105920K
  class space    used 8073K, capacity 8741K, committed 8832K, reserved 1048576K
}
Event: 12.116 GC heap before
{Heap before GC invocations=50 (full 0):
 garbage-first heap   total 167936K, used 129309K [0x0000000080000000, 0x0000000100000000)
  region size 1024K, 28 young (28672K), 3 survivors (3072K)
 Metaspace       used 67191K, capacity 69239K, committed 69424K, reserved 1110016K
  class space    used 8557K, capacity 9270K, committed 9344K, reserved 1048576K
}
Event: 12.120 GC heap after
{Heap after GC invocations=51 (full 0):
 garbage-first heap   total 167936K, used 104685K [0x0000000080000000, 0x0000000100000000)
  region size 1024K, 2 young (2048K), 2 survivors (2048K)
 Metaspace       used 67191K, capacity 69239K, committed 69424K, reserved 1110016K
  class space    used 8557K, capacity 9270K, committed 9344K, reserved 1048576K
}
Event: 12.307 GC heap before
{Heap before GC invocations=51 (full 0):
 garbage-first heap   total 167936K, used 111853K [0x0000000080000000, 0x0000000100000000)
  region size 1024K, 11 young (11264K), 2 survivors (2048K)
 Metaspace       used 68961K, capacity 71002K, committed 71088K, reserved 1112064K
  class space    used 8756K, capacity 9431K, committed 9472K, reserved 1048576K
}
Event: 12.312 GC heap after
{Heap after GC invocations=52 (full 0):
 garbage-first heap   total 167936K, used 106335K [0x0000000080000000, 0x0000000100000000)
  region size 1024K, 4 young (4096K), 4 survivors (4096K)
 Metaspace       used 68961K, capacity 71002K, committed 71088K, reserved 1112064K
  class space    used 8756K, capacity 9431K, committed 9472K, reserved 1048576K
}
Event: 12.523 GC heap before
{Heap before GC invocations=53 (full 0):
 garbage-first heap   total 167936K, used 135007K [0x0000000080000000, 0x0000000100000000)
  region size 1024K, 26 young (26624K), 4 survivors (4096K)
 Metaspace       used 69633K, capacity 71655K, committed 71728K, reserved 1112064K
  class space    used 8863K, capacity 9561K, committed 9600K, reserved 1048576K
}
Event: 12.528 GC heap after
{Heap after GC invocations=54 (full 0):
 garbage-first heap   total 201728K, used 108223K [0x0000000080000000, 0x0000000100000000)
  region size 1024K, 4 young (4096K), 4 survivors (4096K)
 Metaspace       used 69633K, capacity 71655K, committed 71728K, reserved 1112064K
  class space    used 8863K, capacity 9561K, committed 9600K, reserved 1048576K
}
Event: 13.102 GC heap before
{Heap before GC invocations=54 (full 0):
 garbage-first heap   total 201728K, used 144063K [0x0000000080000000, 0x0000000100000000)
  region size 1024K, 39 young (39936K), 4 survivors (4096K)
 Metaspace       used 72424K, capacity 74484K, committed 74672K, reserved 1114112K
  class space    used 9220K, capacity 9922K, committed 9984K, reserved 1048576K
}
Event: 13.107 GC heap after
{Heap after GC invocations=55 (full 0):
 garbage-first heap   total 201728K, used 110595K [0x0000000080000000, 0x0000000100000000)
  region size 1024K, 5 young (5120K), 5 survivors (5120K)
 Metaspace       used 72424K, capacity 74484K, committed 74672K, reserved 1114112K
  class space    used 9220K, capacity 9922K, committed 9984K, reserved 1048576K
}
Event: 13.797 GC heap before
{Heap before GC invocations=56 (full 0):
 garbage-first heap   total 201728K, used 148483K [0x0000000080000000, 0x0000000100000000)
  region size 1024K, 42 young (43008K), 5 survivors (5120K)
 Metaspace       used 75692K, capacity 77784K, committed 77872K, reserved 1116160K
  class space    used 9620K, capacity 10309K, committed 10368K, reserved 1048576K
}
Event: 13.801 GC heap after
{Heap after GC invocations=57 (full 0):
 garbage-first heap   total 201728K, used 112652K [0x0000000080000000, 0x0000000100000000)
  region size 1024K, 5 young (5120K), 5 survivors (5120K)
 Metaspace       used 75692K, capacity 77784K, committed 77872K, reserved 1116160K
  class space    used 9620K, capacity 10309K, committed 10368K, reserved 1048576K
}
Event: 14.068 GC heap before
{Heap before GC invocations=57 (full 0):
 garbage-first heap   total 201728K, used 151564K [0x0000000080000000, 0x0000000100000000)
  region size 1024K, 43 young (44032K), 5 survivors (5120K)
 Metaspace       used 76095K, capacity 78212K, committed 78512K, reserved 1118208K
  class space    used 9677K, capacity 10387K, committed 10496K, reserved 1048576K
}
Event: 14.077 GC heap after
{Heap after GC invocations=58 (full 0):
 garbage-first heap   total 201728K, used 115589K [0x0000000080000000, 0x0000000100000000)
  region size 1024K, 6 young (6144K), 6 survivors (6144K)
 Metaspace       used 76095K, capacity 78212K, committed 78512K, reserved 1118208K
  class space    used 9677K, capacity 10387K, committed 10496K, reserved 1048576K
}
Event: 14.753 GC heap before
{Heap before GC invocations=59 (full 0):
 garbage-first heap   total 201728K, used 155525K [0x0000000080000000, 0x0000000100000000)
  region size 1024K, 45 young (46080K), 6 survivors (6144K)
 Metaspace       used 79233K, capacity 81315K, committed 81456K, reserved 1120256K
  class space    used 10137K, capacity 10842K, committed 10880K, reserved 1048576K
}
Event: 14.761 GC heap after
{Heap after GC invocations=60 (full 0):
 garbage-first heap   total 201728K, used 118338K [0x0000000080000000, 0x0000000100000000)
  region size 1024K, 6 young (6144K), 6 survivors (6144K)
 Metaspace       used 79233K, capacity 81315K, committed 81456K, reserved 1120256K
  class space    used 10137K, capacity 10842K, committed 10880K, reserved 1048576K
}
Event: 15.376 GC heap before
{Heap before GC invocations=60 (full 0):
 garbage-first heap   total 201728K, used 159298K [0x0000000080000000, 0x0000000100000000)
  region size 1024K, 46 young (47104K), 6 survivors (6144K)
 Metaspace       used 82633K, capacity 84830K, committed 85168K, reserved 1122304K
  class space    used 10684K, capacity 11405K, committed 11520K, reserved 1048576K
}
Event: 15.390 GC heap after
{Heap after GC invocations=61 (full 0):
 garbage-first heap   total 242688K, used 120460K [0x0000000080000000, 0x0000000100000000)
  region size 1024K, 5 young (5120K), 5 survivors (5120K)
 Metaspace       used 82633K, capacity 84830K, committed 85168K, reserved 1122304K
  class space    used 10684K, capacity 11405K, committed 11520K, reserved 1048576K
}

