# JRE version: OpenJDK Runtime Environment (11.0.13) (build 11.0.13+0-b1751.21-8125866)
# Java VM: OpenJDK 64-Bit Server VM (11.0.13+0-b1751.21-8125866, mixed mode, tiered, compressed oops, g1 gc, windows-amd64)
Heap:
 garbage-first heap   total 167936K, used 90620K [0x0000000080000000, 0x0000000100000000)
  region size 1024K, 3 young (3072K), 3 survivors (3072K)
 Metaspace       used 51820K, capacity 53453K, committed 53504K, reserved 1095680K
  class space    used 6591K, capacity 7121K, committed 7168K, reserved 1048576K
GC Heap History (20 events):
Event: 7.734 GC heap after
{Heap after GC invocations=19 (full 0):
 garbage-first heap   total 115712K, used 70082K [0x0000000080000000, 0x0000000100000000)
  region size 1024K, 3 young (3072K), 3 survivors (3072K)
 Metaspace       used 44894K, capacity 46078K, committed 46208K, reserved 1089536K
  class space    used 5734K, capacity 6192K, committed 6272K, reserved 1048576K
}
Event: 7.763 GC heap before
{Heap before GC invocations=19 (full 0):
 garbage-first heap   total 115712K, used 72130K [0x0000000080000000, 0x0000000100000000)
  region size 1024K, 7 young (7168K), 3 survivors (3072K)
 Metaspace       used 45136K, capacity 46366K, committed 46464K, reserved 1089536K
  class space    used 5750K, capacity 6224K, committed 6272K, reserved 1048576K
}
Event: 7.766 GC heap after
{Heap after GC invocations=20 (full 0):
 garbage-first heap   total 115712K, used 70632K [0x0000000080000000, 0x0000000100000000)
  region size 1024K, 3 young (3072K), 3 survivors (3072K)
 Metaspace       used 45136K, capacity 46366K, committed 46464K, reserved 1089536K
  class space    used 5750K, capacity 6224K, committed 6272K, reserved 1048576K
}
Event: 7.880 GC heap before
{Heap before GC invocations=21 (full 0):
 garbage-first heap   total 115712K, used 84968K [0x0000000080000000, 0x0000000100000000)
  region size 1024K, 16 young (16384K), 3 survivors (3072K)
 Metaspace       used 46223K, capacity 47422K, committed 47488K, reserved 1091584K
  class space    used 5796K, capacity 6234K, committed 6272K, reserved 1048576K
}
Event: 7.884 GC heap after
{Heap after GC invocations=22 (full 0):
 garbage-first heap   total 115712K, used 71404K [0x0000000080000000, 0x0000000100000000)
  region size 1024K, 2 young (2048K), 2 survivors (2048K)
 Metaspace       used 46223K, capacity 47422K, committed 47488K, reserved 1091584K
  class space    used 5796K, capacity 6234K, committed 6272K, reserved 1048576K
}
Event: 7.995 GC heap before
{Heap before GC invocations=22 (full 0):
 garbage-first heap   total 115712K, used 86764K [0x0000000080000000, 0x0000000100000000)
  region size 1024K, 17 young (17408K), 2 survivors (2048K)
 Metaspace       used 46639K, capacity 47897K, committed 48128K, reserved 1091584K
  class space    used 5867K, capacity 6348K, committed 6400K, reserved 1048576K
}
Event: 7.999 GC heap after
{Heap after GC invocations=23 (full 0):
 garbage-first heap   total 115712K, used 72504K [0x0000000080000000, 0x0000000100000000)
  region size 1024K, 3 young (3072K), 3 survivors (3072K)
 Metaspace       used 46639K, capacity 47897K, committed 48128K, reserved 1091584K
  class space    used 5867K, capacity 6348K, committed 6400K, reserved 1048576K
}
Event: 8.164 GC heap before
{Heap before GC invocations=24 (full 0):
 garbage-first heap   total 115712K, used 86840K [0x0000000080000000, 0x0000000100000000)
  region size 1024K, 18 young (18432K), 3 survivors (3072K)
 Metaspace       used 47757K, capacity 49181K, committed 49408K, reserved 1091584K
  class space    used 6052K, capacity 6564K, committed 6656K, reserved 1048576K
}
Event: 8.169 GC heap after
{Heap after GC invocations=25 (full 0):
 garbage-first heap   total 115712K, used 73395K [0x0000000080000000, 0x0000000100000000)
  region size 1024K, 3 young (3072K), 3 survivors (3072K)
 Metaspace       used 47757K, capacity 49181K, committed 49408K, reserved 1091584K
  class space    used 6052K, capacity 6564K, committed 6656K, reserved 1048576K
}
Event: 8.349 GC heap before
{Heap before GC invocations=26 (full 0):
 garbage-first heap   total 115712K, used 94899K [0x0000000080000000, 0x0000000100000000)
  region size 1024K, 19 young (19456K), 3 survivors (3072K)
 Metaspace       used 48867K, capacity 50400K, committed 50560K, reserved 1093632K
  class space    used 6228K, capacity 6736K, committed 6784K, reserved 1048576K
}
Event: 8.353 GC heap after
{Heap after GC invocations=27 (full 0):
 garbage-first heap   total 115712K, used 79953K [0x0000000080000000, 0x0000000100000000)
  region size 1024K, 3 young (3072K), 3 survivors (3072K)
 Metaspace       used 48867K, capacity 50400K, committed 50560K, reserved 1093632K
  class space    used 6228K, capacity 6736K, committed 6784K, reserved 1048576K
}
Event: 8.500 GC heap before
{Heap before GC invocations=27 (full 0):
 garbage-first heap   total 115712K, used 94289K [0x0000000080000000, 0x0000000100000000)
  region size 1024K, 17 young (17408K), 3 survivors (3072K)
 Metaspace       used 49815K, capacity 51370K, committed 51584K, reserved 1093632K
  class space    used 6398K, capacity 6933K, committed 7040K, reserved 1048576K
}
Event: 8.505 GC heap after
{Heap after GC invocations=28 (full 0):
 garbage-first heap   total 139264K, used 80661K [0x0000000080000000, 0x0000000100000000)
  region size 1024K, 3 young (3072K), 3 survivors (3072K)
 Metaspace       used 49815K, capacity 51370K, committed 51584K, reserved 1093632K
  class space    used 6398K, capacity 6933K, committed 7040K, reserved 1048576K
}
Event: 9.102 GC heap before
{Heap before GC invocations=29 (full 0):
 garbage-first heap   total 139264K, used 107285K [0x0000000080000000, 0x0000000100000000)
  region size 1024K, 29 young (29696K), 3 survivors (3072K)
 Metaspace       used 51346K, capacity 52926K, committed 53248K, reserved 1095680K
  class space    used 6553K, capacity 7083K, committed 7168K, reserved 1048576K
}
Event: 9.108 GC heap after
{Heap after GC invocations=30 (full 0):
 garbage-first heap   total 139264K, used 82348K [0x0000000080000000, 0x0000000100000000)
  region size 1024K, 4 young (4096K), 4 survivors (4096K)
 Metaspace       used 51346K, capacity 52926K, committed 53248K, reserved 1095680K
  class space    used 6553K, capacity 7083K, committed 7168K, reserved 1048576K
}
Event: 9.480 GC heap before
{Heap before GC invocations=30 (full 0):
 garbage-first heap   total 139264K, used 102828K [0x0000000080000000, 0x0000000100000000)
  region size 1024K, 26 young (26624K), 4 survivors (4096K)
 Metaspace       used 51750K, capacity 53362K, committed 53504K, reserved 1095680K
  class space    used 6583K, capacity 7112K, committed 7168K, reserved 1048576K
}
Event: 9.485 GC heap after
{Heap after GC invocations=31 (full 0):
 garbage-first heap   total 139264K, used 84212K [0x0000000080000000, 0x0000000100000000)
  region size 1024K, 4 young (4096K), 4 survivors (4096K)
 Metaspace       used 51750K, capacity 53362K, committed 53504K, reserved 1095680K
  class space    used 6583K, capacity 7112K, committed 7168K, reserved 1048576K
}
Event: 9.528 GC heap before
{Heap before GC invocations=32 (full 0):
 garbage-first heap   total 139264K, used 88308K [0x0000000080000000, 0x0000000100000000)
  region size 1024K, 7 young (7168K), 4 survivors (4096K)
 Metaspace       used 51811K, capacity 53453K, committed 53504K, reserved 1095680K
  class space    used 6591K, capacity 7121K, committed 7168K, reserved 1048576K
}
Event: 9.533 GC heap after
{Heap after GC invocations=33 (full 0):
 garbage-first heap   total 139264K, used 88322K [0x0000000080000000, 0x0000000100000000)
  region size 1024K, 3 young (3072K), 3 survivors (3072K)
 Metaspace       used 51811K, capacity 53453K, committed 53504K, reserved 1095680K
  class space    used 6591K, capacity 7121K, committed 7168K, reserved 1048576K
}
Event: 9.595 GC heap before
{Heap before GC invocations=34 (full 0):
 garbage-first heap   total 139264K, used 91394K [0x0000000080000000, 0x0000000100000000)
  region size 1024K, 7 young (7168K), 3 survivors (3072K)
 Metaspace       used 51820K, capacity 53453K, committed 53504K, reserved 1095680K
  class space    used 6591K, capacity 7121K, committed 7168K, reserved 1048576K
}

