# JRE version: OpenJDK Runtime Environment (11.0.13) (build 11.0.13+0-b1751.21-8125866)
# Java VM: OpenJDK 64-Bit Server VM (11.0.13+0-b1751.21-8125866, mixed mode, tiered, compressed oops, g1 gc, windows-amd64)
Heap:
 garbage-first heap   total 454656K, used 88555K [0x0000000080000000, 0x0000000100000000)
  region size 1024K, 5 young (5120K), 5 survivors (5120K)
 Metaspace       used 50164K, capacity 51452K, committed 51712K, reserved 1093632K
  class space    used 6373K, capacity 6852K, committed 6912K, reserved 1048576K
GC Heap History (20 events):
Event: 16.336 GC heap after
{Heap after GC invocations=68 (full 0):
 garbage-first heap   total 267264K, used 101419K [0x0000000080000000, 0x0000000100000000)
  region size 1024K, 10 young (10240K), 10 survivors (10240K)
 Metaspace       used 50140K, capacity 51451K, committed 51712K, reserved 1093632K
  class space    used 6371K, capacity 6852K, committed 6912K, reserved 1048576K
}
Event: 16.477 GC heap before
{Heap before GC invocations=68 (full 0):
 garbage-first heap   total 267264K, used 228395K [0x0000000080000000, 0x0000000100000000)
  region size 1024K, 134 young (137216K), 10 survivors (10240K)
 Metaspace       used 50148K, capacity 51451K, committed 51712K, reserved 1093632K
  class space    used 6371K, capacity 6852K, committed 6912K, reserved 1048576K
}
Event: 16.483 GC heap after
{Heap after GC invocations=69 (full 0):
 garbage-first heap   total 321536K, used 103043K [0x0000000080000000, 0x0000000100000000)
  region size 1024K, 11 young (11264K), 11 survivors (11264K)
 Metaspace       used 50148K, capacity 51451K, committed 51712K, reserved 1093632K
  class space    used 6371K, capacity 6852K, committed 6912K, reserved 1048576K
}
Event: 16.678 GC heap before
{Heap before GC invocations=69 (full 0):
 garbage-first heap   total 321536K, used 263811K [0x0000000080000000, 0x0000000100000000)
  region size 1024K, 168 young (172032K), 11 survivors (11264K)
 Metaspace       used 50149K, capacity 51451K, committed 51712K, reserved 1093632K
  class space    used 6371K, capacity 6852K, committed 6912K, reserved 1048576K
}
Event: 16.683 GC heap after
{Heap after GC invocations=70 (full 0):
 garbage-first heap   total 321536K, used 101375K [0x0000000080000000, 0x0000000100000000)
  region size 1024K, 10 young (10240K), 10 survivors (10240K)
 Metaspace       used 50149K, capacity 51451K, committed 51712K, reserved 1093632K
  class space    used 6371K, capacity 6852K, committed 6912K, reserved 1048576K
}
Event: 16.872 GC heap before
{Heap before GC invocations=70 (full 0):
 garbage-first heap   total 321536K, used 276479K [0x0000000080000000, 0x0000000100000000)
  region size 1024K, 175 young (179200K), 10 survivors (10240K)
 Metaspace       used 50149K, capacity 51451K, committed 51712K, reserved 1093632K
  class space    used 6371K, capacity 6852K, committed 6912K, reserved 1048576K
}
Event: 16.877 GC heap after
{Heap after GC invocations=71 (full 0):
 garbage-first heap   total 321536K, used 105753K [0x0000000080000000, 0x0000000100000000)
  region size 1024K, 12 young (12288K), 12 survivors (12288K)
 Metaspace       used 50149K, capacity 51451K, committed 51712K, reserved 1093632K
  class space    used 6371K, capacity 6852K, committed 6912K, reserved 1048576K
}
Event: 17.097 GC heap before
{Heap before GC invocations=71 (full 0):
 garbage-first heap   total 321536K, used 276761K [0x0000000080000000, 0x0000000100000000)
  region size 1024K, 176 young (180224K), 12 survivors (12288K)
 Metaspace       used 50149K, capacity 51451K, committed 51712K, reserved 1093632K
  class space    used 6371K, capacity 6852K, committed 6912K, reserved 1048576K
}
Event: 17.105 GC heap after
{Heap after GC invocations=72 (full 0):
 garbage-first heap   total 321536K, used 104498K [0x0000000080000000, 0x0000000100000000)
  region size 1024K, 12 young (12288K), 12 survivors (12288K)
 Metaspace       used 50149K, capacity 51451K, committed 51712K, reserved 1093632K
  class space    used 6371K, capacity 6852K, committed 6912K, reserved 1048576K
}
Event: 17.341 GC heap before
{Heap before GC invocations=72 (full 0):
 garbage-first heap   total 321536K, used 273458K [0x0000000080000000, 0x0000000100000000)
  region size 1024K, 177 young (181248K), 12 survivors (12288K)
 Metaspace       used 50149K, capacity 51451K, committed 51712K, reserved 1093632K
  class space    used 6371K, capacity 6852K, committed 6912K, reserved 1048576K
}
Event: 17.348 GC heap after
{Heap after GC invocations=73 (full 0):
 garbage-first heap   total 321536K, used 106348K [0x0000000080000000, 0x0000000100000000)
  region size 1024K, 14 young (14336K), 14 survivors (14336K)
 Metaspace       used 50149K, capacity 51451K, committed 51712K, reserved 1093632K
  class space    used 6371K, capacity 6852K, committed 6912K, reserved 1048576K
}
Event: 17.595 GC heap before
{Heap before GC invocations=73 (full 0):
 garbage-first heap   total 321536K, used 273260K [0x0000000080000000, 0x0000000100000000)
  region size 1024K, 177 young (181248K), 14 survivors (14336K)
 Metaspace       used 50153K, capacity 51452K, committed 51712K, reserved 1093632K
  class space    used 6371K, capacity 6852K, committed 6912K, reserved 1048576K
}
Event: 17.604 GC heap after
{Heap after GC invocations=74 (full 0):
 garbage-first heap   total 386048K, used 104869K [0x0000000080000000, 0x0000000100000000)
  region size 1024K, 14 young (14336K), 14 survivors (14336K)
 Metaspace       used 50153K, capacity 51452K, committed 51712K, reserved 1093632K
  class space    used 6371K, capacity 6852K, committed 6912K, reserved 1048576K
}
Event: 17.973 GC heap before
{Heap before GC invocations=74 (full 0):
 garbage-first heap   total 386048K, used 316837K [0x0000000080000000, 0x0000000100000000)
  region size 1024K, 221 young (226304K), 14 survivors (14336K)
 Metaspace       used 50155K, capacity 51452K, committed 51712K, reserved 1093632K
  class space    used 6372K, capacity 6852K, committed 6912K, reserved 1048576K
}
Event: 17.980 GC heap after
{Heap after GC invocations=75 (full 0):
 garbage-first heap   total 386048K, used 103625K [0x0000000080000000, 0x0000000100000000)
  region size 1024K, 13 young (13312K), 13 survivors (13312K)
 Metaspace       used 50155K, capacity 51452K, committed 51712K, reserved 1093632K
  class space    used 6372K, capacity 6852K, committed 6912K, reserved 1048576K
}
Event: 18.404 GC heap before
{Heap before GC invocations=75 (full 0):
 garbage-first heap   total 386048K, used 321737K [0x0000000080000000, 0x0000000100000000)
  region size 1024K, 226 young (231424K), 13 survivors (13312K)
 Metaspace       used 50157K, capacity 51452K, committed 51712K, reserved 1093632K
  class space    used 6372K, capacity 6852K, committed 6912K, reserved 1048576K
}
Event: 18.411 GC heap after
{Heap after GC invocations=76 (full 0):
 garbage-first heap   total 386048K, used 98001K [0x0000000080000000, 0x0000000100000000)
  region size 1024K, 11 young (11264K), 11 survivors (11264K)
 Metaspace       used 50157K, capacity 51452K, committed 51712K, reserved 1093632K
  class space    used 6372K, capacity 6852K, committed 6912K, reserved 1048576K
}
Event: 19.015 GC heap before
{Heap before GC invocations=76 (full 0):
 garbage-first heap   total 386048K, used 317137K [0x0000000080000000, 0x0000000100000000)
  region size 1024K, 226 young (231424K), 11 survivors (11264K)
 Metaspace       used 50157K, capacity 51452K, committed 51712K, reserved 1093632K
  class space    used 6372K, capacity 6852K, committed 6912K, reserved 1048576K
}
Event: 19.024 GC heap after
{Heap after GC invocations=77 (full 0):
 garbage-first heap   total 386048K, used 99753K [0x0000000080000000, 0x0000000100000000)
  region size 1024K, 12 young (12288K), 12 survivors (12288K)
 Metaspace       used 50157K, capacity 51452K, committed 51712K, reserved 1093632K
  class space    used 6372K, capacity 6852K, committed 6912K, reserved 1048576K
}
Event: 20.617 GC heap before
{Heap before GC invocations=77 (full 0):
 garbage-first heap   total 386048K, used 318889K [0x0000000080000000, 0x0000000100000000)
  region size 1024K, 226 young (231424K), 12 survivors (12288K)
 Metaspace       used 50164K, capacity 51452K, committed 51712K, reserved 1093632K
  class space    used 6373K, capacity 6852K, committed 6912K, reserved 1048576K
}

